#
# There is insufficient memory for the Java Runtime Environment to continue.
# Native memory allocation (mmap) failed to map 78643200 bytes for G1 virtual space
# Possible reasons:
#   The system is out of physical RAM or swap space
#   The process is running with CompressedOops enabled, and the Java Heap may be blocking the growth of the native heap
# Possible solutions:
#   Reduce memory load on the system
#   Increase physical memory or swap space
#   Check if swap backing store is full
#   Decrease Java heap size (-Xmx/-Xms)
#   Decrease number of Java threads
#   Decrease Java thread stack sizes (-Xss)
#   Set larger code cache with -XX:ReservedCodeCacheSize=
#   JVM is running with Unscaled Compressed Oops mode in which the Java heap is
#     placed in the first 4GB address space. The Java Heap base address is the
#     maximum limit for the native heap growth. Please use -XX:HeapBaseMinAddress
#     to set the Java Heap base and to place the Java Heap above 4GB virtual address.
# This output file may be truncated or incomplete.
#
#  Out of Memory Error (os_windows.cpp:3559), pid=15024, tid=12252
#
# JRE version: OpenJDK Runtime Environment Temurin-17.0.7+7 (17.0.7+7) (build 17.0.7+7)
# Java VM: OpenJDK 64-Bit Server VM Temurin-17.0.7+7 (17.0.7+7, mixed mode, emulated-client, tiered, compressed oops, compressed class ptrs, g1 gc, windows-amd64)
# No core dump will be written. Minidumps are not enabled by default on client versions of Windows
#

---------------  S U M M A R Y ------------

Command Line: -Dcom.sun.management.jmxremote -Dcom.sun.management.jmxremote.port=59243 -Dcom.sun.management.jmxremote.authenticate=false -Dcom.sun.management.jmxremote.ssl=false -Djava.rmi.server.hostname=localhost -Dspring.jmx.enabled=true -Dmanagement.endpoints.jmx.exposure.include=* -Dspring.application.admin.enabled=true -XX:TieredStopAtLevel=1 -Dspring.boot.project.name=servicio-security -Dfile.encoding=UTF-8 -XX:+ShowCodeDetailsInExceptionMessages com.app.musica.ServicioSecurityApplication --spring.output.ansi.enabled=always

Host: Intel(R) Pentium(R) Silver J5040 CPU @ 2.00GHz, 4 cores, 3G,  Windows 11 , 64 bit Build 22621 (10.0.22621.2428)
Time: Sat Oct 14 09:15:54 2023 Hora est. Pacífico, Sudamérica elapsed time: 7.099476 seconds (0d 0h 0m 7s)

---------------  T H R E A D  ---------------

Current thread (0x000001ee2f435290):  VMThread "VM Thread" [stack: 0x0000007ae7800000,0x0000007ae7900000] [id=12252]

Stack: [0x0000007ae7800000,0x0000007ae7900000]
Native frames: (J=compiled Java code, j=interpreted, Vv=VM code, C=native code)
V  [jvm.dll+0x67754a]
V  [jvm.dll+0x834304]
V  [jvm.dll+0x835aae]
V  [jvm.dll+0x836113]
V  [jvm.dll+0x24696f]
V  [jvm.dll+0x6743f9]
V  [jvm.dll+0x668c8a]
V  [jvm.dll+0x3061bb]
V  [jvm.dll+0x30d6a6]
V  [jvm.dll+0x35cece]
V  [jvm.dll+0x35d0ff]
V  [jvm.dll+0x2dd048]
V  [jvm.dll+0x2db20c]
V  [jvm.dll+0x2da7dc]
V  [jvm.dll+0x31e6db]
V  [jvm.dll+0x83a5bb]
V  [jvm.dll+0x83b2f4]
V  [jvm.dll+0x83b80c]
V  [jvm.dll+0x83bbe4]
V  [jvm.dll+0x83bcb0]
V  [jvm.dll+0x7e4e7a]
V  [jvm.dll+0x676395]
C  [ucrtbase.dll+0x29363]
C  [KERNEL32.DLL+0x1257d]
C  [ntdll.dll+0x5aa78]

VM_Operation (0x0000007ae93f4be0): G1CollectForAllocation, mode: safepoint, requested by thread 0x000001ee348211c0


---------------  P R O C E S S  ---------------

Threads class SMR info:
_java_thread_list=0x000001ee34572440, length=25, elements={
0x000001ee24670a50, 0x000001ee2f439550, 0x000001ee2f43ab60, 0x000001ee2f4587c0,
0x000001ee2f459630, 0x000001ee2f45c2b0, 0x000001ee2f5fd1f0, 0x000001ee2f5fdc50,
0x000001ee2f6079a0, 0x000001ee2f69a470, 0x000001ee247123d0, 0x000001ee2f6e3fa0,
0x000001ee2f7ab540, 0x000001ee343de900, 0x000001ee343dcc40, 0x000001ee2f8c9390,
0x000001ee347d5bb0, 0x000001ee344d5010, 0x000001ee344d54e0, 0x000001ee347e6cf0,
0x000001ee34820cf0, 0x000001ee348211c0, 0x000001ee34822030, 0x000001ee34821b60,
0x000001ee34821690
}

Java Threads: ( => current thread )
  0x000001ee24670a50 JavaThread "main" [_thread_blocked, id=14472, stack(0x0000007ae7200000,0x0000007ae7300000)]
  0x000001ee2f439550 JavaThread "Reference Handler" daemon [_thread_blocked, id=16152, stack(0x0000007ae7900000,0x0000007ae7a00000)]
  0x000001ee2f43ab60 JavaThread "Finalizer" daemon [_thread_blocked, id=7376, stack(0x0000007ae7a00000,0x0000007ae7b00000)]
  0x000001ee2f4587c0 JavaThread "Signal Dispatcher" daemon [_thread_blocked, id=12408, stack(0x0000007ae7b00000,0x0000007ae7c00000)]
  0x000001ee2f459630 JavaThread "Attach Listener" daemon [_thread_blocked, id=4892, stack(0x0000007ae7c00000,0x0000007ae7d00000)]
  0x000001ee2f45c2b0 JavaThread "Service Thread" daemon [_thread_blocked, id=14172, stack(0x0000007ae7d00000,0x0000007ae7e00000)]
  0x000001ee2f5fd1f0 JavaThread "Monitor Deflation Thread" daemon [_thread_blocked, id=13116, stack(0x0000007ae7e00000,0x0000007ae7f00000)]
  0x000001ee2f5fdc50 JavaThread "C1 CompilerThread0" daemon [_thread_blocked, id=4052, stack(0x0000007ae7f00000,0x0000007ae8000000)]
  0x000001ee2f6079a0 JavaThread "Sweeper thread" daemon [_thread_blocked, id=12404, stack(0x0000007ae8000000,0x0000007ae8100000)]
  0x000001ee2f69a470 JavaThread "Common-Cleaner" daemon [_thread_blocked, id=14688, stack(0x0000007ae8100000,0x0000007ae8200000)]
  0x000001ee247123d0 JavaThread "C1 CompilerThread1" daemon [_thread_blocked, id=15188, stack(0x0000007ae8200000,0x0000007ae8300000)]
  0x000001ee2f6e3fa0 JavaThread "C1 CompilerThread2" daemon [_thread_blocked, id=4880, stack(0x0000007ae8300000,0x0000007ae8400000)]
  0x000001ee2f7ab540 JavaThread "Notification Thread" daemon [_thread_blocked, id=5868, stack(0x0000007ae8400000,0x0000007ae8500000)]
  0x000001ee343de900 JavaThread "RMI TCP Accept-0" daemon [_thread_in_native, id=16012, stack(0x0000007ae8500000,0x0000007ae8600000)]
  0x000001ee343dcc40 JavaThread "RMI TCP Accept-59243" daemon [_thread_in_native, id=6696, stack(0x0000007ae8600000,0x0000007ae8700000)]
  0x000001ee2f8c9390 JavaThread "RMI TCP Accept-0" daemon [_thread_in_native, id=15352, stack(0x0000007ae8c00000,0x0000007ae8d00000)]
  0x000001ee347d5bb0 JavaThread "RMI TCP Connection(1)-127.0.0.1" daemon [_thread_in_native, id=2016, stack(0x0000007ae8e00000,0x0000007ae8f00000)]
  0x000001ee344d5010 JavaThread "RMI Scheduler(0)" daemon [_thread_blocked, id=3952, stack(0x0000007ae8f00000,0x0000007ae9000000)]
  0x000001ee344d54e0 JavaThread "RMI TCP Connection(2)-127.0.0.1" daemon [_thread_in_native, id=9160, stack(0x0000007ae9000000,0x0000007ae9100000)]
  0x000001ee347e6cf0 JavaThread "JMX server connection timeout 21" daemon [_thread_blocked, id=6292, stack(0x0000007ae9100000,0x0000007ae9200000)]
  0x000001ee34820cf0 JavaThread "Thread-0" [_thread_blocked, id=13996, stack(0x0000007ae9200000,0x0000007ae9300000)]
  0x000001ee348211c0 JavaThread "restartedMain" [_thread_blocked, id=15604, stack(0x0000007ae9300000,0x0000007ae9400000)]
  0x000001ee34822030 JavaThread "mysql-cj-abandoned-connection-cleanup" daemon [_thread_blocked, id=10876, stack(0x0000007ae9400000,0x0000007ae9500000)]
  0x000001ee34821b60 JavaThread "conexionOyentes housekeeper" daemon [_thread_blocked, id=5660, stack(0x0000007ae9600000,0x0000007ae9700000)]
  0x000001ee34821690 JavaThread "conexionOyentes connection adder" daemon [_thread_blocked, id=11244, stack(0x0000007ae9700000,0x0000007ae9800000)]

Other Threads:
=>0x000001ee2f435290 VMThread "VM Thread" [stack: 0x0000007ae7800000,0x0000007ae7900000] [id=12252]
  0x000001ee344ac950 WatcherThread [stack: 0x0000007ae8d00000,0x0000007ae8e00000] [id=9360]
  0x000001ee246abc60 GCTaskThread "GC Thread#0" [stack: 0x0000007ae7300000,0x0000007ae7400000] [id=7400]
  0x000001ee343e42a0 GCTaskThread "GC Thread#1" [stack: 0x0000007ae8700000,0x0000007ae8800000] [id=6744]
  0x000001ee344d90e0 GCTaskThread "GC Thread#2" [stack: 0x0000007ae8800000,0x0000007ae8900000] [id=4856]
  0x000001ee344d9390 GCTaskThread "GC Thread#3" [stack: 0x0000007ae8900000,0x0000007ae8a00000] [id=11204]
  0x000001ee246b45e0 ConcurrentGCThread "G1 Main Marker" [stack: 0x0000007ae7400000,0x0000007ae7500000] [id=16240]
  0x000001ee246b5790 ConcurrentGCThread "G1 Conc#0" [stack: 0x0000007ae7500000,0x0000007ae7600000] [id=1816]
  0x000001ee246f1b50 ConcurrentGCThread "G1 Refine#0" [stack: 0x0000007ae7600000,0x0000007ae7700000] [id=6988]
  0x000001ee343e4550 ConcurrentGCThread "G1 Refine#1" [stack: 0x0000007ae8a00000,0x0000007ae8b00000] [id=2828]
  0x000001ee343e4830 ConcurrentGCThread "G1 Refine#2" [stack: 0x0000007ae8b00000,0x0000007ae8c00000] [id=16004]
  0x000001ee246f2d10 ConcurrentGCThread "G1 Service" [stack: 0x0000007ae7700000,0x0000007ae7800000] [id=3416]

Threads with active compile tasks:

VM state: at safepoint (normal execution)

VM Mutex/Monitor currently owned by a thread:  ([mutex/lock_event])
[0x000001ee2466ba80] Threads_lock - owner thread: 0x000001ee2f435290
[0x000001ee2466afd0] Heap_lock - owner thread: 0x000001ee348211c0

Heap address: 0x00000000c2e00000, size: 978 MB, Compressed Oops mode: 32-bit

CDS archive(s) not mapped
Compressed class space mapped at: 0x0000000100000000-0x0000000140000000, reserved size: 1073741824
Narrow klass base: 0x0000000000000000, Narrow klass shift: 3, Narrow klass range: 0x140000000

GC Precious Log:
 CPUs: 4 total, 4 available
 Memory: 3910M
 Large Page Support: Disabled
 NUMA Support: Disabled
 Compressed Oops: Enabled (32-bit)
 Heap Region Size: 1M
 Heap Min Capacity: 8M
 Heap Initial Capacity: 62M
 Heap Max Capacity: 978M
 Pre-touch: Disabled
 Parallel Workers: 4
 Concurrent Workers: 1
 Concurrent Refinement Workers: 4
 Periodic GC: Disabled

Heap:
 garbage-first heap   total 78848K, used 32517K [0x00000000c2e00000, 0x0000000100000000)
  region size 1024K, 3 young (3072K), 3 survivors (3072K)
 Metaspace       used 45737K, committed 46144K, reserved 1114112K
  class space    used 5842K, committed 6016K, reserved 1048576K

Heap Regions: E=young(eden), S=young(survivor), O=old, HS=humongous(starts), HC=humongous(continues), CS=collection set, F=free, OA=open archive, CA=closed archive, TAMS=top-at-mark-start (previous, next)
|   0|0x00000000c2e00000, 0x00000000c2f00000, 0x00000000c2f00000|100%|HS|  |TAMS 0x00000000c2f00000, 0x00000000c2e00000| Complete 
|   1|0x00000000c2f00000, 0x00000000c3000000, 0x00000000c3000000|100%| O|  |TAMS 0x00000000c3000000, 0x00000000c2f00000| Untracked 
|   2|0x00000000c3000000, 0x00000000c3100000, 0x00000000c3100000|100%|HS|  |TAMS 0x00000000c3100000, 0x00000000c3000000| Complete 
|   3|0x00000000c3100000, 0x00000000c3200000, 0x00000000c3200000|100%| O|  |TAMS 0x00000000c3200000, 0x00000000c3100000| Untracked 
|   4|0x00000000c3200000, 0x00000000c3300000, 0x00000000c3300000|100%| O|  |TAMS 0x00000000c3300000, 0x00000000c3200000| Untracked 
|   5|0x00000000c3300000, 0x00000000c3400000, 0x00000000c3400000|100%| O|  |TAMS 0x00000000c3400000, 0x00000000c3300000| Untracked 
|   6|0x00000000c3400000, 0x00000000c3500000, 0x00000000c3500000|100%| O|  |TAMS 0x00000000c3500000, 0x00000000c3400000| Untracked 
|   7|0x00000000c3500000, 0x00000000c3600000, 0x00000000c3600000|100%| O|  |TAMS 0x00000000c3500000, 0x00000000c3500000| Untracked 
|   8|0x00000000c3600000, 0x00000000c3700000, 0x00000000c3700000|100%| O|  |TAMS 0x00000000c3700000, 0x00000000c3600000| Untracked 
|   9|0x00000000c3700000, 0x00000000c3800000, 0x00000000c3800000|100%| O|  |TAMS 0x00000000c3800000, 0x00000000c3700000| Untracked 
|  10|0x00000000c3800000, 0x00000000c3900000, 0x00000000c3900000|100%| O|  |TAMS 0x00000000c3900000, 0x00000000c3800000| Untracked 
|  11|0x00000000c3900000, 0x00000000c3a00000, 0x00000000c3a00000|100%| O|  |TAMS 0x00000000c3a00000, 0x00000000c3900000| Untracked 
|  12|0x00000000c3a00000, 0x00000000c3b00000, 0x00000000c3b00000|100%| O|  |TAMS 0x00000000c3a00000, 0x00000000c3a00000| Untracked 
|  13|0x00000000c3b00000, 0x00000000c3c00000, 0x00000000c3c00000|100%| O|  |TAMS 0x00000000c3b00000, 0x00000000c3b00000| Untracked 
|  14|0x00000000c3c00000, 0x00000000c3d00000, 0x00000000c3d00000|100%|HS|  |TAMS 0x00000000c3c00000, 0x00000000c3c00000| Complete 
|  15|0x00000000c3d00000, 0x00000000c3e00000, 0x00000000c3e00000|100%| O|  |TAMS 0x00000000c3d00000, 0x00000000c3d00000| Untracked 
|  16|0x00000000c3e00000, 0x00000000c3f00000, 0x00000000c3f00000|100%| O|  |TAMS 0x00000000c3eaa400, 0x00000000c3e00000| Untracked 
|  17|0x00000000c3f00000, 0x00000000c4000000, 0x00000000c4000000|100%|HS|  |TAMS 0x00000000c3f00000, 0x00000000c3f00000| Complete 
|  18|0x00000000c4000000, 0x00000000c4100000, 0x00000000c4100000|100%|HS|  |TAMS 0x00000000c4000000, 0x00000000c4000000| Complete 
|  19|0x00000000c4100000, 0x00000000c4200000, 0x00000000c4200000|100%| O|  |TAMS 0x00000000c4100000, 0x00000000c4100000| Untracked 
|  20|0x00000000c4200000, 0x00000000c4300000, 0x00000000c4300000|100%| O|  |TAMS 0x00000000c4200000, 0x00000000c4200000| Untracked 
|  21|0x00000000c4300000, 0x00000000c4400000, 0x00000000c4400000|100%| O|  |TAMS 0x00000000c4300000, 0x00000000c4300000| Untracked 
|  22|0x00000000c4400000, 0x00000000c4500000, 0x00000000c4500000|100%| O|  |TAMS 0x00000000c4400000, 0x00000000c4400000| Untracked 
|  23|0x00000000c4500000, 0x00000000c4600000, 0x00000000c4600000|100%| O|  |TAMS 0x00000000c4500000, 0x00000000c4500000| Untracked 
|  24|0x00000000c4600000, 0x00000000c4700000, 0x00000000c4700000|100%| O|  |TAMS 0x00000000c4600000, 0x00000000c4600000| Untracked 
|  25|0x00000000c4700000, 0x00000000c4800000, 0x00000000c4800000|100%| O|  |TAMS 0x00000000c4700000, 0x00000000c4700000| Untracked 
|  26|0x00000000c4800000, 0x00000000c487b600, 0x00000000c4900000| 48%| O|  |TAMS 0x00000000c4800000, 0x00000000c4800000| Untracked 
|  27|0x00000000c4900000, 0x00000000c4900000, 0x00000000c4a00000|  0%| F|  |TAMS 0x00000000c4900000, 0x00000000c4900000| Untracked 
|  28|0x00000000c4a00000, 0x00000000c4a00000, 0x00000000c4b00000|  0%| F|  |TAMS 0x00000000c4a00000, 0x00000000c4a00000| Untracked 
|  29|0x00000000c4b00000, 0x00000000c4c00000, 0x00000000c4c00000|100%| O|  |TAMS 0x00000000c4b00000, 0x00000000c4b00000| Untracked 
|  30|0x00000000c4c00000, 0x00000000c4d00000, 0x00000000c4d00000|100%| O|  |TAMS 0x00000000c4c00000, 0x00000000c4c00000| Untracked 
|  31|0x00000000c4d00000, 0x00000000c4e00000, 0x00000000c4e00000|100%| O|  |TAMS 0x00000000c4d00000, 0x00000000c4d00000| Untracked 
|  32|0x00000000c4e00000, 0x00000000c4e00000, 0x00000000c4f00000|  0%| F|  |TAMS 0x00000000c4e00000, 0x00000000c4e00000| Untracked 
|  33|0x00000000c4f00000, 0x00000000c4f00000, 0x00000000c5000000|  0%| F|  |TAMS 0x00000000c4f00000, 0x00000000c4f00000| Untracked 
|  34|0x00000000c5000000, 0x00000000c5000000, 0x00000000c5100000|  0%| F|  |TAMS 0x00000000c5000000, 0x00000000c5000000| Untracked 
|  35|0x00000000c5100000, 0x00000000c5100000, 0x00000000c5200000|  0%| F|  |TAMS 0x00000000c5100000, 0x00000000c5100000| Untracked 
|  36|0x00000000c5200000, 0x00000000c5200000, 0x00000000c5300000|  0%| F|  |TAMS 0x00000000c5200000, 0x00000000c5200000| Untracked 
|  37|0x00000000c5300000, 0x00000000c5300000, 0x00000000c5400000|  0%| F|  |TAMS 0x00000000c5300000, 0x00000000c5300000| Untracked 
|  38|0x00000000c5400000, 0x00000000c5400000, 0x00000000c5500000|  0%| F|  |TAMS 0x00000000c5400000, 0x00000000c5400000| Untracked 
|  39|0x00000000c5500000, 0x00000000c5500000, 0x00000000c5600000|  0%| F|  |TAMS 0x00000000c5500000, 0x00000000c5500000| Untracked 
|  40|0x00000000c5600000, 0x00000000c5600000, 0x00000000c5700000|  0%| F|  |TAMS 0x00000000c5600000, 0x00000000c5600000| Untracked 
|  41|0x00000000c5700000, 0x00000000c5700000, 0x00000000c5800000|  0%| F|  |TAMS 0x00000000c5700000, 0x00000000c5700000| Untracked 
|  42|0x00000000c5800000, 0x00000000c5800000, 0x00000000c5900000|  0%| F|  |TAMS 0x00000000c5800000, 0x00000000c5800000| Untracked 
|  43|0x00000000c5900000, 0x00000000c5945ea0, 0x00000000c5a00000| 27%| S|CS|TAMS 0x00000000c5900000, 0x00000000c5900000| Complete 
|  44|0x00000000c5a00000, 0x00000000c5b00000, 0x00000000c5b00000|100%| S|CS|TAMS 0x00000000c5a00000, 0x00000000c5a00000| Complete 
|  45|0x00000000c5b00000, 0x00000000c5c00000, 0x00000000c5c00000|100%| S|CS|TAMS 0x00000000c5b00000, 0x00000000c5b00000| Complete 
|  46|0x00000000c5c00000, 0x00000000c5c00000, 0x00000000c5d00000|  0%| F|  |TAMS 0x00000000c5c00000, 0x00000000c5c00000| Untracked 
|  47|0x00000000c5d00000, 0x00000000c5d00000, 0x00000000c5e00000|  0%| F|  |TAMS 0x00000000c5d00000, 0x00000000c5d00000| Untracked 
|  48|0x00000000c5e00000, 0x00000000c5e00000, 0x00000000c5f00000|  0%| F|  |TAMS 0x00000000c5e00000, 0x00000000c5e00000| Untracked 
|  49|0x00000000c5f00000, 0x00000000c5f00000, 0x00000000c6000000|  0%| F|  |TAMS 0x00000000c5f00000, 0x00000000c5f00000| Untracked 
|  50|0x00000000c6000000, 0x00000000c6000000, 0x00000000c6100000|  0%| F|  |TAMS 0x00000000c6000000, 0x00000000c6000000| Untracked 
|  51|0x00000000c6100000, 0x00000000c6100000, 0x00000000c6200000|  0%| F|  |TAMS 0x00000000c6100000, 0x00000000c6100000| Untracked 
|  52|0x00000000c6200000, 0x00000000c6200000, 0x00000000c6300000|  0%| F|  |TAMS 0x00000000c6200000, 0x00000000c6200000| Untracked 
|  53|0x00000000c6300000, 0x00000000c6300000, 0x00000000c6400000|  0%| F|  |TAMS 0x00000000c6300000, 0x00000000c6300000| Untracked 
|  54|0x00000000c6400000, 0x00000000c6400000, 0x00000000c6500000|  0%| F|  |TAMS 0x00000000c6400000, 0x00000000c6400000| Untracked 
|  55|0x00000000c6500000, 0x00000000c6500000, 0x00000000c6600000|  0%| F|  |TAMS 0x00000000c6500000, 0x00000000c6500000| Untracked 
|  56|0x00000000c6600000, 0x00000000c6600000, 0x00000000c6700000|  0%| F|  |TAMS 0x00000000c6600000, 0x00000000c6600000| Untracked 
|  57|0x00000000c6700000, 0x00000000c6700000, 0x00000000c6800000|  0%| F|  |TAMS 0x00000000c6700000, 0x00000000c6700000| Untracked 
|  58|0x00000000c6800000, 0x00000000c6800000, 0x00000000c6900000|  0%| F|  |TAMS 0x00000000c6800000, 0x00000000c6800000| Untracked 
|  59|0x00000000c6900000, 0x00000000c6900000, 0x00000000c6a00000|  0%| F|  |TAMS 0x00000000c6900000, 0x00000000c6900000| Untracked 
|  60|0x00000000c6a00000, 0x00000000c6a00000, 0x00000000c6b00000|  0%| F|  |TAMS 0x00000000c6a00000, 0x00000000c6a00000| Untracked 
|  61|0x00000000c6b00000, 0x00000000c6b00000, 0x00000000c6c00000|  0%| F|  |TAMS 0x00000000c6b00000, 0x00000000c6b00000| Untracked 
|  62|0x00000000c6c00000, 0x00000000c6c00000, 0x00000000c6d00000|  0%| F|  |TAMS 0x00000000c6c00000, 0x00000000c6c00000| Untracked 
|  63|0x00000000c6d00000, 0x00000000c6d00000, 0x00000000c6e00000|  0%| F|  |TAMS 0x00000000c6d00000, 0x00000000c6d00000| Untracked 
|  64|0x00000000c6e00000, 0x00000000c6e00000, 0x00000000c6f00000|  0%| F|  |TAMS 0x00000000c6e00000, 0x00000000c6e00000| Untracked 
|  65|0x00000000c6f00000, 0x00000000c6f00000, 0x00000000c7000000|  0%| F|  |TAMS 0x00000000c6f00000, 0x00000000c6f00000| Untracked 
|  66|0x00000000c7000000, 0x00000000c7000000, 0x00000000c7100000|  0%| F|  |TAMS 0x00000000c7000000, 0x00000000c7000000| Untracked 
|  67|0x00000000c7100000, 0x00000000c7100000, 0x00000000c7200000|  0%| F|  |TAMS 0x00000000c7100000, 0x00000000c7100000| Untracked 
|  68|0x00000000c7200000, 0x00000000c7200000, 0x00000000c7300000|  0%| F|  |TAMS 0x00000000c7200000, 0x00000000c7200000| Untracked 
|  69|0x00000000c7300000, 0x00000000c7300000, 0x00000000c7400000|  0%| F|  |TAMS 0x00000000c7300000, 0x00000000c7300000| Untracked 
|  70|0x00000000c7400000, 0x00000000c7400000, 0x00000000c7500000|  0%| F|  |TAMS 0x00000000c7400000, 0x00000000c7400000| Untracked 
|  71|0x00000000c7500000, 0x00000000c7500000, 0x00000000c7600000|  0%| F|  |TAMS 0x00000000c7500000, 0x00000000c7500000| Untracked 
|  72|0x00000000c7600000, 0x00000000c7600000, 0x00000000c7700000|  0%| F|  |TAMS 0x00000000c7600000, 0x00000000c7600000| Untracked 
|  73|0x00000000c7700000, 0x00000000c7700000, 0x00000000c7800000|  0%| F|  |TAMS 0x00000000c7700000, 0x00000000c7700000| Untracked 
|  74|0x00000000c7800000, 0x00000000c7800000, 0x00000000c7900000|  0%| F|  |TAMS 0x00000000c7800000, 0x00000000c7800000| Untracked 
|  75|0x00000000c7900000, 0x00000000c7900000, 0x00000000c7a00000|  0%| F|  |TAMS 0x00000000c7900000, 0x00000000c7900000| Untracked 
|  76|0x00000000c7a00000, 0x00000000c7a00000, 0x00000000c7b00000|  0%| F|  |TAMS 0x00000000c7a00000, 0x00000000c7a00000| Untracked 

Card table byte_map: [0x000001ee2ad10000,0x000001ee2af00000] _byte_map_base: 0x000001ee2a6f9000

Marking Bits (Prev, Next): (CMBitMap*) 0x000001ee246ac270, (CMBitMap*) 0x000001ee246ac2b0
 Prev Bits: [0x000001ee2b0f0000, 0x000001ee2c038000)
 Next Bits: [0x000001ee2c040000, 0x000001ee2cf88000)

Polling page: 0x000001ee225c0000

Metaspace:

Usage:
  Non-class:     38.96 MB used.
      Class:      5.71 MB used.
       Both:     44.67 MB used.

Virtual space:
  Non-class space:       64.00 MB reserved,      39.19 MB ( 61%) committed,  1 nodes.
      Class space:        1.00 GB reserved,       5.88 MB ( <1%) committed,  1 nodes.
             Both:        1.06 GB reserved,      45.06 MB (  4%) committed. 

Chunk freelists:
   Non-Class:  8.50 MB
       Class:  9.94 MB
        Both:  18.44 MB

MaxMetaspaceSize: unlimited
CompressedClassSpaceSize: 1.00 GB
Initial GC threshold: 21.00 MB
Current GC threshold: 59.00 MB
CDS: off
MetaspaceReclaimPolicy: balanced
 - commit_granule_bytes: 65536.
 - commit_granule_words: 8192.
 - virtual_space_node_default_size: 8388608.
 - enlarge_chunks_in_place: 1.
 - new_chunks_are_fully_committed: 0.
 - uncommit_free_chunks: 1.
 - use_allocation_guard: 0.
 - handle_deallocations: 1.


Internal statistics:

num_allocs_failed_limit: 8.
num_arena_births: 598.
num_arena_deaths: 0.
num_vsnodes_births: 2.
num_vsnodes_deaths: 0.
num_space_committed: 721.
num_space_uncommitted: 0.
num_chunks_returned_to_freelist: 8.
num_chunks_taken_from_freelist: 1878.
num_chunk_merges: 8.
num_chunk_splits: 1304.
num_chunks_enlarged: 952.
num_inconsistent_stats: 0.

CodeCache: size=49152Kb used=9116Kb max_used=9116Kb free=40035Kb
 bounds [0x000001ee27d10000, 0x000001ee28600000, 0x000001ee2ad10000]
 total_blobs=4889 nmethods=4337 adapters=478
 compilation: enabled
              stopped_count=0, restarted_count=0
 full_count=0

Compilation events (20 events):
Event: 7.064 Thread 0x000001ee247123d0 nmethod 4326 0x000001ee285f3a90 code [0x000001ee285f3c20, 0x000001ee285f3d48]
Event: 7.064 Thread 0x000001ee2f5fdc50 4329       1       com.mysql.cj.protocol.a.MultiPacketReader::readMessage (10 bytes)
Event: 7.064 Thread 0x000001ee247123d0 4330       1       com.mysql.cj.protocol.a.MultiPacketReader::readMessage (154 bytes)
Event: 7.064 Thread 0x000001ee2f6e3fa0 nmethod 4328 0x000001ee285f3e10 code [0x000001ee285f3fa0, 0x000001ee285f40c8]
Event: 7.064 Thread 0x000001ee2f5fdc50 nmethod 4329 0x000001ee285f4190 code [0x000001ee285f4320, 0x000001ee285f4428]
Event: 7.064 Thread 0x000001ee2f6e3fa0 4331       1       com.mysql.cj.protocol.a.TimeTrackingPacketReader::readMessage (10 bytes)
Event: 7.064 Thread 0x000001ee2f5fdc50 4332       1       com.mysql.cj.protocol.a.TimeTrackingPacketReader::readMessage (24 bytes)
Event: 7.064 Thread 0x000001ee2f5fdc50 nmethod 4332 0x000001ee285f4510 code [0x000001ee285f46a0, 0x000001ee285f47e8]
Event: 7.065 Thread 0x000001ee2f6e3fa0 nmethod 4331 0x000001ee285f4890 code [0x000001ee285f4a40, 0x000001ee285f4bc8]
Event: 7.065 Thread 0x000001ee2f5fdc50 4333       1       com.mysql.cj.protocol.a.NativePacketPayload::<init> (37 bytes)
Event: 7.065 Thread 0x000001ee2f5fdc50 nmethod 4333 0x000001ee285f4d10 code [0x000001ee285f4ea0, 0x000001ee285f5078]
Event: 7.065 Thread 0x000001ee247123d0 nmethod 4330 0x000001ee285f5190 code [0x000001ee285f53e0, 0x000001ee285f5a78]
Event: 7.066 Thread 0x000001ee2f5fdc50 4334       1       com.mysql.cj.protocol.a.PacketSplitter::getPacketLen (5 bytes)
Event: 7.067 Thread 0x000001ee2f5fdc50 nmethod 4334 0x000001ee285f5f90 code [0x000001ee285f6120, 0x000001ee285f61f8]
Event: 7.067 Thread 0x000001ee2f5fdc50 4335   !   1       com.mysql.cj.protocol.a.NativeProtocol::readMessage (85 bytes)
Event: 7.068 Thread 0x000001ee2f5fdc50 nmethod 4335 0x000001ee285f6290 code [0x000001ee285f6480, 0x000001ee285f6848]
Event: 7.079 Thread 0x000001ee2f5fdc50 4336       1       com.mysql.cj.Messages::getString (8 bytes)
Event: 7.079 Thread 0x000001ee2f6e3fa0 4337       1       java.util.stream.Collectors::toCollection (22 bytes)
Event: 7.079 Thread 0x000001ee2f5fdc50 nmethod 4336 0x000001ee285f6c90 code [0x000001ee285f6e20, 0x000001ee285f6ee8]
Event: 7.080 Thread 0x000001ee2f6e3fa0 nmethod 4337 0x000001ee285f6f90 code [0x000001ee285f7140, 0x000001ee285f72a8]

GC Heap History (20 events):
Event: 2.068 GC heap after
{Heap after GC invocations=3 (full 0):
 garbage-first heap   total 63488K, used 9943K [0x00000000c2e00000, 0x0000000100000000)
  region size 1024K, 2 young (2048K), 2 survivors (2048K)
 Metaspace       used 17874K, committed 18048K, reserved 1114112K
  class space    used 1969K, committed 2048K, reserved 1048576K
}
Event: 2.684 GC heap before
{Heap before GC invocations=3 (full 0):
 garbage-first heap   total 63488K, used 25303K [0x00000000c2e00000, 0x0000000100000000)
  region size 1024K, 19 young (19456K), 2 survivors (2048K)
 Metaspace       used 21234K, committed 21504K, reserved 1114112K
  class space    used 2493K, committed 2624K, reserved 1048576K
}
Event: 2.690 GC heap after
{Heap after GC invocations=4 (full 0):
 garbage-first heap   total 63488K, used 11145K [0x00000000c2e00000, 0x0000000100000000)
  region size 1024K, 3 young (3072K), 3 survivors (3072K)
 Metaspace       used 21234K, committed 21504K, reserved 1114112K
  class space    used 2493K, committed 2624K, reserved 1048576K
}
Event: 3.123 GC heap before
{Heap before GC invocations=5 (full 0):
 garbage-first heap   total 40960K, used 30601K [0x00000000c2e00000, 0x0000000100000000)
  region size 1024K, 24 young (24576K), 3 survivors (3072K)
 Metaspace       used 24840K, committed 25152K, reserved 1114112K
  class space    used 3097K, committed 3200K, reserved 1048576K
}
Event: 3.130 GC heap after
{Heap after GC invocations=6 (full 0):
 garbage-first heap   total 40960K, used 12206K [0x00000000c2e00000, 0x0000000100000000)
  region size 1024K, 4 young (4096K), 4 survivors (4096K)
 Metaspace       used 24840K, committed 25152K, reserved 1114112K
  class space    used 3097K, committed 3200K, reserved 1048576K
}
Event: 3.144 GC heap before
{Heap before GC invocations=6 (full 0):
 garbage-first heap   total 40960K, used 13230K [0x00000000c2e00000, 0x0000000100000000)
  region size 1024K, 5 young (5120K), 4 survivors (4096K)
 Metaspace       used 25079K, committed 25408K, reserved 1114112K
  class space    used 3113K, committed 3264K, reserved 1048576K
}
Event: 3.149 GC heap after
{Heap after GC invocations=7 (full 0):
 garbage-first heap   total 40960K, used 12520K [0x00000000c2e00000, 0x0000000100000000)
  region size 1024K, 1 young (1024K), 1 survivors (1024K)
 Metaspace       used 25079K, committed 25408K, reserved 1114112K
  class space    used 3113K, committed 3264K, reserved 1048576K
}
Event: 3.364 GC heap before
{Heap before GC invocations=7 (full 0):
 garbage-first heap   total 40960K, used 26856K [0x00000000c2e00000, 0x0000000100000000)
  region size 1024K, 16 young (16384K), 1 survivors (1024K)
 Metaspace       used 27955K, committed 28224K, reserved 1114112K
  class space    used 3399K, committed 3520K, reserved 1048576K
}
Event: 3.367 GC heap after
{Heap after GC invocations=8 (full 0):
 garbage-first heap   total 78848K, used 13476K [0x00000000c2e00000, 0x0000000100000000)
  region size 1024K, 2 young (2048K), 2 survivors (2048K)
 Metaspace       used 27955K, committed 28224K, reserved 1114112K
  class space    used 3399K, committed 3520K, reserved 1048576K
}
Event: 4.323 GC heap before
{Heap before GC invocations=8 (full 0):
 garbage-first heap   total 78848K, used 57508K [0x00000000c2e00000, 0x0000000100000000)
  region size 1024K, 45 young (46080K), 2 survivors (2048K)
 Metaspace       used 32518K, committed 32896K, reserved 1114112K
  class space    used 4079K, committed 4224K, reserved 1048576K
}
Event: 4.329 GC heap after
{Heap after GC invocations=9 (full 0):
 garbage-first heap   total 78848K, used 16105K [0x00000000c2e00000, 0x0000000100000000)
  region size 1024K, 5 young (5120K), 5 survivors (5120K)
 Metaspace       used 32518K, committed 32896K, reserved 1114112K
  class space    used 4079K, committed 4224K, reserved 1048576K
}
Event: 5.094 GC heap before
{Heap before GC invocations=9 (full 0):
 garbage-first heap   total 78848K, used 39657K [0x00000000c2e00000, 0x0000000100000000)
  region size 1024K, 30 young (30720K), 5 survivors (5120K)
 Metaspace       used 35712K, committed 36096K, reserved 1114112K
  class space    used 4571K, committed 4736K, reserved 1048576K
}
Event: 5.105 GC heap after
{Heap after GC invocations=10 (full 0):
 garbage-first heap   total 78848K, used 18252K [0x00000000c2e00000, 0x0000000100000000)
  region size 1024K, 5 young (5120K), 5 survivors (5120K)
 Metaspace       used 35712K, committed 36096K, reserved 1114112K
  class space    used 4571K, committed 4736K, reserved 1048576K
}
Event: 5.851 GC heap before
{Heap before GC invocations=11 (full 0):
 garbage-first heap   total 68608K, used 56140K [0x00000000c2e00000, 0x0000000100000000)
  region size 1024K, 38 young (38912K), 5 survivors (5120K)
 Metaspace       used 40077K, committed 40512K, reserved 1114112K
  class space    used 5167K, committed 5376K, reserved 1048576K
}
Event: 5.863 GC heap after
{Heap after GC invocations=12 (full 0):
 garbage-first heap   total 68608K, used 26413K [0x00000000c2e00000, 0x0000000100000000)
  region size 1024K, 5 young (5120K), 5 survivors (5120K)
 Metaspace       used 40077K, committed 40512K, reserved 1114112K
  class space    used 5167K, committed 5376K, reserved 1048576K
}
Event: 5.868 GC heap before
{Heap before GC invocations=12 (full 0):
 garbage-first heap   total 68608K, used 27437K [0x00000000c2e00000, 0x0000000100000000)
  region size 1024K, 6 young (6144K), 5 survivors (5120K)
 Metaspace       used 40077K, committed 40512K, reserved 1114112K
  class space    used 5167K, committed 5376K, reserved 1048576K
}
Event: 5.876 GC heap after
{Heap after GC invocations=13 (full 0):
 garbage-first heap   total 68608K, used 27268K [0x00000000c2e00000, 0x0000000100000000)
  region size 1024K, 1 young (1024K), 1 survivors (1024K)
 Metaspace       used 40077K, committed 40512K, reserved 1114112K
  class space    used 5167K, committed 5376K, reserved 1048576K
}
Event: 6.282 GC heap before
{Heap before GC invocations=13 (full 0):
 garbage-first heap   total 68608K, used 50820K [0x00000000c2e00000, 0x0000000100000000)
  region size 1024K, 24 young (24576K), 1 survivors (1024K)
 Metaspace       used 41214K, committed 41728K, reserved 1114112K
  class space    used 5314K, committed 5568K, reserved 1048576K
}
Event: 6.288 GC heap after
{Heap after GC invocations=14 (full 0):
 garbage-first heap   total 68608K, used 30165K [0x00000000c2e00000, 0x0000000100000000)
  region size 1024K, 3 young (3072K), 3 survivors (3072K)
 Metaspace       used 41214K, committed 41728K, reserved 1114112K
  class space    used 5314K, committed 5568K, reserved 1048576K
}
Event: 7.088 GC heap before
{Heap before GC invocations=14 (full 0):
 garbage-first heap   total 68608K, used 51669K [0x00000000c2e00000, 0x0000000100000000)
  region size 1024K, 24 young (24576K), 3 survivors (3072K)
 Metaspace       used 45737K, committed 46144K, reserved 1114112K
  class space    used 5842K, committed 6016K, reserved 1048576K
}

Dll operation events (8 events):
Event: 0.021 Loaded shared library C:\Users\mateo\Downloads\sts-4.19.1.RELEASE\plugins\org.eclipse.justj.openjdk.hotspot.jre.full.win32.x86_64_17.0.7.v20230425-1502\jre\bin\java.dll
Event: 0.478 Loaded shared library C:\Users\mateo\Downloads\sts-4.19.1.RELEASE\plugins\org.eclipse.justj.openjdk.hotspot.jre.full.win32.x86_64_17.0.7.v20230425-1502\jre\bin\jimage.dll
Event: 0.510 Loaded shared library C:\Users\mateo\Downloads\sts-4.19.1.RELEASE\plugins\org.eclipse.justj.openjdk.hotspot.jre.full.win32.x86_64_17.0.7.v20230425-1502\jre\bin\net.dll
Event: 0.514 Loaded shared library C:\Users\mateo\Downloads\sts-4.19.1.RELEASE\plugins\org.eclipse.justj.openjdk.hotspot.jre.full.win32.x86_64_17.0.7.v20230425-1502\jre\bin\nio.dll
Event: 0.522 Loaded shared library C:\Users\mateo\Downloads\sts-4.19.1.RELEASE\plugins\org.eclipse.justj.openjdk.hotspot.jre.full.win32.x86_64_17.0.7.v20230425-1502\jre\bin\zip.dll
Event: 0.660 Loaded shared library C:\Users\mateo\Downloads\sts-4.19.1.RELEASE\plugins\org.eclipse.justj.openjdk.hotspot.jre.full.win32.x86_64_17.0.7.v20230425-1502\jre\bin\management.dll
Event: 0.694 Loaded shared library C:\Users\mateo\Downloads\sts-4.19.1.RELEASE\plugins\org.eclipse.justj.openjdk.hotspot.jre.full.win32.x86_64_17.0.7.v20230425-1502\jre\bin\management_ext.dll
Event: 5.685 Loaded shared library C:\Users\mateo\Downloads\sts-4.19.1.RELEASE\plugins\org.eclipse.justj.openjdk.hotspot.jre.full.win32.x86_64_17.0.7.v20230425-1502\jre\bin\sunmscapi.dll

Deoptimization events (8 events):
Event: 2.859 Thread 0x000001ee348211c0 DEOPT PACKING pc=0x000001ee28249019 sp=0x0000007ae93fc9c0
Event: 2.859 Thread 0x000001ee348211c0 DEOPT UNPACKING pc=0x000001ee27d67124 sp=0x0000007ae93fbea0 mode 3
Event: 3.158 Thread 0x000001ee348211c0 DEOPT PACKING pc=0x000001ee282a56d5 sp=0x0000007ae93fceb0
Event: 3.158 Thread 0x000001ee348211c0 DEOPT UNPACKING pc=0x000001ee27d67124 sp=0x0000007ae93fc358 mode 3
Event: 4.029 Thread 0x000001ee348211c0 DEOPT PACKING pc=0x000001ee2812670c sp=0x0000007ae93fd970
Event: 4.029 Thread 0x000001ee348211c0 DEOPT UNPACKING pc=0x000001ee27d67124 sp=0x0000007ae93fce38 mode 0
Event: 5.600 Thread 0x000001ee348211c0 DEOPT PACKING pc=0x000001ee2853517d sp=0x0000007ae93fc870
Event: 5.600 Thread 0x000001ee348211c0 DEOPT UNPACKING pc=0x000001ee27d67124 sp=0x0000007ae93fbdd8 mode 3

Classes unloaded (0 events):
No events

Classes redefined (0 events):
No events

Internal exceptions (20 events):
Event: 5.410 Thread 0x000001ee348211c0 Exception <a 'java/lang/NoSuchMethodError'{0x00000000c6732e68}: 'void java.lang.invoke.DirectMethodHandle$Holder.invokeInterface(java.lang.Object, java.lang.Object, int)'> (0x00000000c6732e68) 
thrown [s\src\hotspot\share\interpreter\linkResolver.cpp, line 759]
Event: 5.415 Thread 0x000001ee348211c0 Exception <a 'java/lang/IncompatibleClassChangeError'{0x00000000c6782790}: Found class java.lang.Object, but interface was expected> (0x00000000c6782790) 
thrown [s\src\hotspot\share\interpreter\linkResolver.cpp, line 826]
Event: 5.419 Thread 0x000001ee348211c0 Exception <a 'java/lang/NoSuchMethodError'{0x00000000c679b200}: 'void java.lang.invoke.DirectMethodHandle$Holder.invokeStatic(java.lang.Object, int, java.lang.Object)'> (0x00000000c679b200) 
thrown [s\src\hotspot\share\interpreter\linkResolver.cpp, line 759]
Event: 5.425 Thread 0x000001ee348211c0 Exception <a 'java/lang/NoSuchMethodError'{0x00000000c67d78e0}: 'void java.lang.invoke.DirectMethodHandle$Holder.invokeVirtual(java.lang.Object, java.lang.Object, int)'> (0x00000000c67d78e0) 
thrown [s\src\hotspot\share\interpreter\linkResolver.cpp, line 759]
Event: 5.426 Thread 0x000001ee348211c0 Exception <a 'java/lang/NoSuchMethodError'{0x00000000c67ddb28}: 'void java.lang.invoke.DirectMethodHandle$Holder.invokeStatic(java.lang.Object, java.lang.Object, java.lang.Object, int, java.lang.Object)'> (0x00000000c67ddb28) 
thrown [s\src\hotspot\share\interpreter\linkResolver.cpp, line 759]
Event: 5.426 Thread 0x000001ee348211c0 Exception <a 'java/lang/NoSuchMethodError'{0x00000000c67e5030}: 'java.lang.Object java.lang.invoke.DirectMethodHandle$Holder.newInvokeSpecial(java.lang.Object, java.lang.Object, java.lang.Object, int)'> (0x00000000c67e5030) 
thrown [s\src\hotspot\share\interpreter\linkResolver.cpp, line 759]
Event: 5.427 Thread 0x000001ee348211c0 Exception <a 'java/lang/NoSuchMethodError'{0x00000000c67e9318}: 'java.lang.Object java.lang.invoke.DirectMethodHandle$Holder.invokeSpecial(java.lang.Object, java.lang.Object, java.lang.Object, java.lang.Object, int)'> (0x00000000c67e9318) 
thrown [s\src\hotspot\share\interpreter\linkResolver.cpp, line 759]
Event: 5.427 Thread 0x000001ee348211c0 Exception <a 'java/lang/NoSuchMethodError'{0x00000000c67ecee0}: 'java.lang.Object java.lang.invoke.Invokers$Holder.linkToTargetMethod(java.lang.Object, java.lang.Object, int, java.lang.Object)'> (0x00000000c67ecee0) 
thrown [s\src\hotspot\share\interpreter\linkResolver.cpp, line 759]
Event: 5.865 Thread 0x000001ee344d54e0 Exception <a 'java/lang/reflect/InvocationTargetException'{0x00000000c7a27d60}> (0x00000000c7a27d60) 
thrown [s\src\hotspot\share\runtime\reflection.cpp, line 1121]
Event: 6.001 Thread 0x000001ee348211c0 Exception <a 'sun/nio/fs/WindowsException'{0x00000000c6379440}> (0x00000000c6379440) 
thrown [s\src\hotspot\share\prims\jni.cpp, line 516]
Event: 6.002 Thread 0x000001ee348211c0 Exception <a 'sun/nio/fs/WindowsException'{0x00000000c637ee38}> (0x00000000c637ee38) 
thrown [s\src\hotspot\share\prims\jni.cpp, line 516]
Event: 6.002 Thread 0x000001ee348211c0 Exception <a 'sun/nio/fs/WindowsException'{0x00000000c637f510}> (0x00000000c637f510) 
thrown [s\src\hotspot\share\prims\jni.cpp, line 516]
Event: 6.040 Thread 0x000001ee348211c0 Exception <a 'java/lang/NoSuchMethodError'{0x00000000c628ef98}: 'java.lang.Object java.lang.invoke.DirectMethodHandle$Holder.invokeSpecial(java.lang.Object, java.lang.Object, long, java.lang.Object, java.lang.Object, java.lang.Object, java.lang.Object, java.lang.Object, java.lang.Object)'> (0x00000000c628ef98) 
thrown [s\src\hotspot\share\interpreter\linkResolver.cpp, line 759]
Event: 6.040 Thread 0x000001ee348211c0 Exception <a 'java/lang/NoSuchMethodError'{0x00000000c6293ac0}: 'java.lang.Object java.lang.invoke.DelegatingMethodHandle$Holder.reinvoke_L(java.lang.Object, long, java.lang.Object, java.lang.Object, java.lang.Object, java.lang.Object, java.lang.Object, java.lang.Object)'> (0x00000000c6293ac0) 
thrown [s\src\hotspot\share\interpreter\linkResolver.cpp, line 759]
Event: 6.132 Thread 0x000001ee348211c0 Exception <a 'java/io/FileNotFoundException'{0x00000000c60d9bd0}> (0x00000000c60d9bd0) 
thrown [s\src\hotspot\share\prims\jni.cpp, line 516]
Event: 6.171 Thread 0x000001ee348211c0 Exception <a 'java/lang/NoSuchMethodError'{0x00000000c5da71e0}: 'int java.lang.invoke.DirectMethodHandle$Holder.invokeInterface(java.lang.Object, java.lang.Object, java.lang.Object, java.lang.Object)'> (0x00000000c5da71e0) 
thrown [s\src\hotspot\share\interpreter\linkResolver.cpp, line 759]
Event: 6.362 Thread 0x000001ee348211c0 Exception <a 'sun/nio/fs/WindowsException'{0x00000000c6d55bd0}> (0x00000000c6d55bd0) 
thrown [s\src\hotspot\share\prims\jni.cpp, line 516]
Event: 6.387 Thread 0x000001ee344d54e0 Exception <a 'java/lang/reflect/InvocationTargetException'{0x00000000c6c64b68}> (0x00000000c6c64b68) 
thrown [s\src\hotspot\share\runtime\reflection.cpp, line 1121]
Event: 6.778 Thread 0x000001ee348211c0 Exception <a 'java/lang/NoSuchMethodError'{0x00000000c62801b8}: 'java.lang.Object java.lang.invoke.DirectMethodHandle$Holder.invokeStaticInit(java.lang.Object, java.lang.Object, java.lang.Object, java.lang.Object)'> (0x00000000c62801b8) 
thrown [s\src\hotspot\share\interpreter\linkResolver.cpp, line 759]
Event: 6.893 Thread 0x000001ee344d54e0 Exception <a 'java/lang/reflect/InvocationTargetException'{0x00000000c5f174a0}> (0x00000000c5f174a0) 
thrown [s\src\hotspot\share\runtime\reflection.cpp, line 1121]

VM Operations (20 events):
Event: 5.135 Executing VM operation: G1Concurrent done
Event: 5.145 Executing VM operation: G1Concurrent
Event: 5.146 Executing VM operation: G1Concurrent done
Event: 5.156 Executing VM operation: HandshakeAllThreads
Event: 5.156 Executing VM operation: HandshakeAllThreads done
Event: 5.229 Executing VM operation: HandshakeAllThreads
Event: 5.229 Executing VM operation: HandshakeAllThreads done
Event: 5.661 Executing VM operation: HandshakeAllThreads
Event: 5.661 Executing VM operation: HandshakeAllThreads done
Event: 5.726 Executing VM operation: HandshakeAllThreads
Event: 5.726 Executing VM operation: HandshakeAllThreads done
Event: 5.767 Executing VM operation: HandshakeAllThreads
Event: 5.767 Executing VM operation: HandshakeAllThreads done
Event: 5.851 Executing VM operation: G1CollectForAllocation
Event: 5.863 Executing VM operation: G1CollectForAllocation done
Event: 5.868 Executing VM operation: G1CollectForAllocation
Event: 5.876 Executing VM operation: G1CollectForAllocation done
Event: 6.282 Executing VM operation: G1CollectForAllocation
Event: 6.288 Executing VM operation: G1CollectForAllocation done
Event: 7.087 Executing VM operation: G1CollectForAllocation

Events (20 events):
Event: 6.644 loading class javax/security/auth/login/Configuration
Event: 6.645 loading class javax/security/auth/login/Configuration done
Event: 6.646 loading class javax/security/auth/callback/Callback
Event: 6.646 loading class javax/security/auth/callback/Callback done
Event: 6.748 Thread 0x000001ee34821b60 Thread added: 0x000001ee34821b60
Event: 6.750 loading class java/util/concurrent/ThreadPoolExecutor$CallerRunsPolicy
Event: 6.750 loading class java/util/concurrent/ThreadPoolExecutor$CallerRunsPolicy done
Event: 6.752 loading class java/util/concurrent/atomic/AtomicReferenceFieldUpdater
Event: 6.752 loading class java/util/concurrent/atomic/AtomicReferenceFieldUpdater done
Event: 6.752 loading class java/util/concurrent/atomic/AtomicReferenceFieldUpdater$AtomicReferenceFieldUpdaterImpl
Event: 6.753 loading class java/util/concurrent/atomic/AtomicReferenceFieldUpdater$AtomicReferenceFieldUpdaterImpl done
Event: 6.753 loading class java/util/concurrent/atomic/AtomicReferenceFieldUpdater$AtomicReferenceFieldUpdaterImpl$1
Event: 6.753 loading class java/util/concurrent/atomic/AtomicReferenceFieldUpdater$AtomicReferenceFieldUpdaterImpl$1 done
Event: 6.753 loading class java/util/concurrent/locks/AbstractQueuedSynchronizer$ExclusiveNode
Event: 6.753 loading class java/util/concurrent/locks/AbstractQueuedSynchronizer$ExclusiveNode done
Event: 6.816 loading class java/lang/instrument/ClassFileTransformer
Event: 6.816 loading class java/lang/instrument/ClassFileTransformer done
Event: 6.864 Thread 0x000001ee34821690 Thread added: 0x000001ee34821690
Event: 7.063 loading class java/util/ImmutableCollections$Map1
Event: 7.063 loading class java/util/ImmutableCollections$Map1 done


Dynamic libraries:
0x00007ff75e3b0000 - 0x00007ff75e3be000 	C:\Users\mateo\Downloads\sts-4.19.1.RELEASE\plugins\org.eclipse.justj.openjdk.hotspot.jre.full.win32.x86_64_17.0.7.v20230425-1502\jre\bin\javaw.exe
0x00007ffc65e70000 - 0x00007ffc66087000 	C:\WINDOWS\SYSTEM32\ntdll.dll
0x00007ffc34b20000 - 0x00007ffc34b39000 	C:\Program Files\Avast Software\Avast\aswhook.dll
0x00007ffc65c40000 - 0x00007ffc65d04000 	C:\WINDOWS\System32\KERNEL32.DLL
0x00007ffc634f0000 - 0x00007ffc63896000 	C:\WINDOWS\System32\KERNELBASE.dll
0x00007ffc631f0000 - 0x00007ffc63301000 	C:\WINDOWS\System32\ucrtbase.dll
0x00007ffc32260000 - 0x00007ffc32279000 	C:\Users\mateo\Downloads\sts-4.19.1.RELEASE\plugins\org.eclipse.justj.openjdk.hotspot.jre.full.win32.x86_64_17.0.7.v20230425-1502\jre\bin\VCRUNTIME140.dll
0x00007ffc3d970000 - 0x00007ffc3d987000 	C:\Users\mateo\Downloads\sts-4.19.1.RELEASE\plugins\org.eclipse.justj.openjdk.hotspot.jre.full.win32.x86_64_17.0.7.v20230425-1502\jre\bin\jli.dll
0x00007ffc65380000 - 0x00007ffc6552d000 	C:\WINDOWS\System32\USER32.dll
0x00007ffc638a0000 - 0x00007ffc638c6000 	C:\WINDOWS\System32\win32u.dll
0x00007ffc65d10000 - 0x00007ffc65d39000 	C:\WINDOWS\System32\GDI32.dll
0x00007ffc63990000 - 0x00007ffc63aa8000 	C:\WINDOWS\System32\gdi32full.dll
0x00007ffc63ab0000 - 0x00007ffc63b4a000 	C:\WINDOWS\System32\msvcp_win.dll
0x00007ffc3f9c0000 - 0x00007ffc3fc53000 	C:\WINDOWS\WinSxS\amd64_microsoft.windows.common-controls_6595b64144ccf1df_6.0.22621.2361_none_2712ced57382f843\COMCTL32.dll
0x00007ffc63d50000 - 0x00007ffc63df7000 	C:\WINDOWS\System32\msvcrt.dll
0x00007ffc63e00000 - 0x00007ffc63e31000 	C:\WINDOWS\System32\IMM32.DLL
0x00007ffc32250000 - 0x00007ffc3225c000 	C:\Users\mateo\Downloads\sts-4.19.1.RELEASE\plugins\org.eclipse.justj.openjdk.hotspot.jre.full.win32.x86_64_17.0.7.v20230425-1502\jre\bin\vcruntime140_1.dll
0x00007ffbf93e0000 - 0x00007ffbf9471000 	C:\Users\mateo\Downloads\sts-4.19.1.RELEASE\plugins\org.eclipse.justj.openjdk.hotspot.jre.full.win32.x86_64_17.0.7.v20230425-1502\jre\bin\msvcp140.dll
0x00007ffbf5d80000 - 0x00007ffbf69c8000 	C:\Users\mateo\Downloads\sts-4.19.1.RELEASE\plugins\org.eclipse.justj.openjdk.hotspot.jre.full.win32.x86_64_17.0.7.v20230425-1502\jre\bin\server\jvm.dll
0x00007ffc65b90000 - 0x00007ffc65c40000 	C:\WINDOWS\System32\ADVAPI32.dll
0x00007ffc63bd0000 - 0x00007ffc63c76000 	C:\WINDOWS\System32\sechost.dll
0x00007ffc63ea0000 - 0x00007ffc63fb7000 	C:\WINDOWS\System32\RPCRT4.dll
0x00007ffc5a2c0000 - 0x00007ffc5a2ca000 	C:\WINDOWS\SYSTEM32\VERSION.dll
0x00007ffc5b2f0000 - 0x00007ffc5b324000 	C:\WINDOWS\SYSTEM32\WINMM.dll
0x00007ffc4ddc0000 - 0x00007ffc4ddc9000 	C:\WINDOWS\SYSTEM32\WSOCK32.dll
0x00007ffc64d30000 - 0x00007ffc64da1000 	C:\WINDOWS\System32\WS2_32.dll
0x00007ffc62230000 - 0x00007ffc62248000 	C:\WINDOWS\SYSTEM32\kernel.appcore.dll
0x00007ffc5bf10000 - 0x00007ffc5bf1a000 	C:\Users\mateo\Downloads\sts-4.19.1.RELEASE\plugins\org.eclipse.justj.openjdk.hotspot.jre.full.win32.x86_64_17.0.7.v20230425-1502\jre\bin\jimage.dll
0x00007ffc60dc0000 - 0x00007ffc60fee000 	C:\WINDOWS\SYSTEM32\DBGHELP.DLL
0x00007ffc64830000 - 0x00007ffc64bba000 	C:\WINDOWS\System32\combase.dll
0x00007ffc65ab0000 - 0x00007ffc65b87000 	C:\WINDOWS\System32\OLEAUT32.dll
0x00007ffc58c80000 - 0x00007ffc58cb2000 	C:\WINDOWS\SYSTEM32\dbgcore.DLL
0x00007ffc63b50000 - 0x00007ffc63bca000 	C:\WINDOWS\System32\bcryptPrimitives.dll
0x00007ffc3d940000 - 0x00007ffc3d965000 	C:\Users\mateo\Downloads\sts-4.19.1.RELEASE\plugins\org.eclipse.justj.openjdk.hotspot.jre.full.win32.x86_64_17.0.7.v20230425-1502\jre\bin\java.dll
0x00007ffc32310000 - 0x00007ffc32328000 	C:\Users\mateo\Downloads\sts-4.19.1.RELEASE\plugins\org.eclipse.justj.openjdk.hotspot.jre.full.win32.x86_64_17.0.7.v20230425-1502\jre\bin\zip.dll
0x00007ffc63fc0000 - 0x00007ffc64818000 	C:\WINDOWS\System32\SHELL32.dll
0x00007ffc61150000 - 0x00007ffc61a42000 	C:\WINDOWS\SYSTEM32\windows.storage.dll
0x00007ffc61010000 - 0x00007ffc6114e000 	C:\WINDOWS\SYSTEM32\wintypes.dll
0x00007ffc64bc0000 - 0x00007ffc64cb3000 	C:\WINDOWS\System32\SHCORE.dll
0x00007ffc65dd0000 - 0x00007ffc65e2e000 	C:\WINDOWS\System32\shlwapi.dll
0x00007ffc63120000 - 0x00007ffc63146000 	C:\WINDOWS\SYSTEM32\profapi.dll
0x00007ffc322f0000 - 0x00007ffc32309000 	C:\Users\mateo\Downloads\sts-4.19.1.RELEASE\plugins\org.eclipse.justj.openjdk.hotspot.jre.full.win32.x86_64_17.0.7.v20230425-1502\jre\bin\net.dll
0x00007ffc5ac70000 - 0x00007ffc5ada7000 	C:\WINDOWS\SYSTEM32\WINHTTP.dll
0x00007ffc626b0000 - 0x00007ffc62719000 	C:\WINDOWS\system32\mswsock.dll
0x00007ffc322d0000 - 0x00007ffc322e5000 	C:\Users\mateo\Downloads\sts-4.19.1.RELEASE\plugins\org.eclipse.justj.openjdk.hotspot.jre.full.win32.x86_64_17.0.7.v20230425-1502\jre\bin\nio.dll
0x00007ffc5bf80000 - 0x00007ffc5bf89000 	C:\Users\mateo\Downloads\sts-4.19.1.RELEASE\plugins\org.eclipse.justj.openjdk.hotspot.jre.full.win32.x86_64_17.0.7.v20230425-1502\jre\bin\management.dll
0x00007ffc5b420000 - 0x00007ffc5b42b000 	C:\Users\mateo\Downloads\sts-4.19.1.RELEASE\plugins\org.eclipse.justj.openjdk.hotspot.jre.full.win32.x86_64_17.0.7.v20230425-1502\jre\bin\management_ext.dll
0x00007ffc63d20000 - 0x00007ffc63d28000 	C:\WINDOWS\System32\PSAPI.DLL
0x00007ffc449d0000 - 0x00007ffc449e7000 	C:\WINDOWS\system32\napinsp.dll
0x00007ffc449b0000 - 0x00007ffc449cb000 	C:\WINDOWS\system32\pnrpnsp.dll
0x00007ffc61d20000 - 0x00007ffc61e19000 	C:\WINDOWS\SYSTEM32\DNSAPI.dll
0x00007ffc61cf0000 - 0x00007ffc61d1d000 	C:\WINDOWS\SYSTEM32\IPHLPAPI.DLL
0x00007ffc64820000 - 0x00007ffc64829000 	C:\WINDOWS\System32\NSI.dll
0x00007ffc44990000 - 0x00007ffc449a1000 	C:\WINDOWS\System32\winrnr.dll
0x00007ffc44970000 - 0x00007ffc44985000 	C:\WINDOWS\system32\wshbth.dll
0x00007ffc44940000 - 0x00007ffc44961000 	C:\WINDOWS\system32\nlansp_c.dll
0x00007ffc4f220000 - 0x00007ffc4f22a000 	C:\Windows\System32\rasadhlp.dll
0x00007ffc5a830000 - 0x00007ffc5a8b4000 	C:\WINDOWS\System32\fwpuclnt.dll
0x00007ffc62910000 - 0x00007ffc6292b000 	C:\WINDOWS\SYSTEM32\CRYPTSP.dll
0x00007ffc62190000 - 0x00007ffc621c5000 	C:\WINDOWS\system32\rsaenh.dll
0x00007ffc627a0000 - 0x00007ffc627cc000 	C:\WINDOWS\SYSTEM32\USERENV.dll
0x00007ffc62ac0000 - 0x00007ffc62ae8000 	C:\WINDOWS\SYSTEM32\bcrypt.dll
0x00007ffc62900000 - 0x00007ffc6290c000 	C:\WINDOWS\SYSTEM32\CRYPTBASE.dll
0x00007ffc5ac50000 - 0x00007ffc5ac69000 	C:\WINDOWS\SYSTEM32\dhcpcsvc6.DLL
0x00007ffc5ac30000 - 0x00007ffc5ac4f000 	C:\WINDOWS\SYSTEM32\dhcpcsvc.DLL
0x00007ffc32290000 - 0x00007ffc3229e000 	C:\Users\mateo\Downloads\sts-4.19.1.RELEASE\plugins\org.eclipse.justj.openjdk.hotspot.jre.full.win32.x86_64_17.0.7.v20230425-1502\jre\bin\sunmscapi.dll
0x00007ffc63380000 - 0x00007ffc634e6000 	C:\WINDOWS\System32\CRYPT32.dll
0x00007ffc62a90000 - 0x00007ffc62abd000 	C:\WINDOWS\SYSTEM32\ncrypt.dll
0x00007ffc62a50000 - 0x00007ffc62a87000 	C:\WINDOWS\SYSTEM32\NTASN1.dll

dbghelp: loaded successfully - version: 4.0.5 - missing functions: none
symbol engine: initialized successfully - sym options: 0x614 - pdb path: .;C:\Users\mateo\Downloads\sts-4.19.1.RELEASE\plugins\org.eclipse.justj.openjdk.hotspot.jre.full.win32.x86_64_17.0.7.v20230425-1502\jre\bin;C:\WINDOWS\SYSTEM32;C:\Program Files\Avast Software\Avast;C:\WINDOWS\WinSxS\amd64_microsoft.windows.common-controls_6595b64144ccf1df_6.0.22621.2361_none_2712ced57382f843;C:\Users\mateo\Downloads\sts-4.19.1.RELEASE\plugins\org.eclipse.justj.openjdk.hotspot.jre.full.win32.x86_64_17.0.7.v20230425-1502\jre\bin\server

VM Arguments:
jvm_args: -Dcom.sun.management.jmxremote -Dcom.sun.management.jmxremote.port=59243 -Dcom.sun.management.jmxremote.authenticate=false -Dcom.sun.management.jmxremote.ssl=false -Djava.rmi.server.hostname=localhost -Dspring.jmx.enabled=true -Dmanagement.endpoints.jmx.exposure.include=* -Dspring.application.admin.enabled=true -XX:TieredStopAtLevel=1 -Dspring.boot.project.name=servicio-security -Dfile.encoding=UTF-8 -XX:+ShowCodeDetailsInExceptionMessages 
java_command: com.app.musica.ServicioSecurityApplication --spring.output.ansi.enabled=always
java_class_path (initial): C:\Users\mateo\OneDrive\Documentos\Proyectos con jwt\servicio-security\target\classes;C:\Users\mateo\.m2\repository\org\springframework\boot\spring-boot-starter-web\3.1.4\spring-boot-starter-web-3.1.4.jar;C:\Users\mateo\.m2\repository\org\springframework\boot\spring-boot-starter\3.1.4\spring-boot-starter-3.1.4.jar;C:\Users\mateo\.m2\repository\org\springframework\boot\spring-boot-starter-logging\3.1.4\spring-boot-starter-logging-3.1.4.jar;C:\Users\mateo\.m2\repository\ch\qos\logback\logback-classic\1.4.11\logback-classic-1.4.11.jar;C:\Users\mateo\.m2\repository\ch\qos\logback\logback-core\1.4.11\logback-core-1.4.11.jar;C:\Users\mateo\.m2\repository\org\apache\logging\log4j\log4j-to-slf4j\2.20.0\log4j-to-slf4j-2.20.0.jar;C:\Users\mateo\.m2\repository\org\apache\logging\log4j\log4j-api\2.20.0\log4j-api-2.20.0.jar;C:\Users\mateo\.m2\repository\org\slf4j\jul-to-slf4j\2.0.9\jul-to-slf4j-2.0.9.jar;C:\Users\mateo\.m2\repository\jakarta\annotation\jakarta.annotation-api\2.1.1\jakarta.annotation-api-2.1.1.jar;C:\Users\mateo\.m2\repository\org\yaml\snakeyaml\1.33\snakeyaml-1.33.jar;C:\Users\mateo\.m2\repository\org\springframework\boot\spring-boot-starter-json\3.1.4\spring-boot-starter-json-3.1.4.jar;C:\Users\mateo\.m2\repository\com\fasterxml\jackson\datatype\jackson-datatype-jdk8\2.15.2\jackson-datatype-jdk8-2.15.2.jar;C:\Users\mateo\.m2\repository\com\fasterxml\jackson\datatype\jackson-datatype-jsr310\2.15.2\jackson-datatype-jsr310-2.15.2.jar;C:\Users\mateo\.m2\repository\com\fasterxml\jackson\module\jackson-module-parameter-names\2.15.2\jackson-module-parameter-names-2.15.2.jar;C:\Users\mateo\.m2\repository\org\springframework\boot\spring-boot-starter-tomcat\3.1.4\spring-boot-starter-tomcat-3.1.4.jar;C:\Users\mateo\.m2\repository\org\apache\tomcat\embed\tomcat-embed-core\10.1.13\tomcat-embed-core-10.1.13.jar;C:\Users\mateo\.m2\repository\org\apache\tomcat\embed\tomcat-embed-websocket\10.1.13\tomcat-embed-websocket-10.1.13.jar;C:\Users\mateo\.m
Launcher Type: SUN_STANDARD

[Global flags]
     intx CICompilerCount                          = 3                                         {product} {ergonomic}
     uint ConcGCThreads                            = 1                                         {product} {ergonomic}
     uint G1ConcRefinementThreads                  = 4                                         {product} {ergonomic}
   size_t G1HeapRegionSize                         = 1048576                                   {product} {ergonomic}
    uintx GCDrainStackTargetSize                   = 64                                        {product} {ergonomic}
   size_t InitialHeapSize                          = 65011712                                  {product} {ergonomic}
     bool ManagementServer                         = true                                      {product} {command line}
   size_t MarkStackSize                            = 4194304                                   {product} {ergonomic}
   size_t MaxHeapSize                              = 1025507328                                {product} {ergonomic}
   size_t MaxNewSize                               = 614465536                                 {product} {ergonomic}
   size_t MinHeapDeltaBytes                        = 1048576                                   {product} {ergonomic}
   size_t MinHeapSize                              = 8388608                                   {product} {ergonomic}
    uintx NonProfiledCodeHeapSize                  = 0                                      {pd product} {ergonomic}
     bool ProfileInterpreter                       = false                                  {pd product} {command line}
    uintx ProfiledCodeHeapSize                     = 0                                      {pd product} {ergonomic}
     bool ShowCodeDetailsInExceptionMessages       = true                                   {manageable} {command line}
   size_t SoftMaxHeapSize                          = 1025507328                             {manageable} {ergonomic}
     intx TieredStopAtLevel                        = 1                                         {product} {command line}
     bool UseCompressedClassPointers               = true                           {product lp64_product} {ergonomic}
     bool UseCompressedOops                        = true                           {product lp64_product} {ergonomic}
     bool UseG1GC                                  = true                                      {product} {ergonomic}
     bool UseLargePagesIndividualAllocation        = false                                  {pd product} {ergonomic}

Logging:
Log output configuration:
 #0: stdout all=warning uptime,level,tags
 #1: stderr all=off uptime,level,tags

Environment Variables:
JAVA_HOME=C:\Program Files\Java\jdk-19
PATH=C:/Users/mateo/Downloads/sts-4.19.1.RELEASE//plugins/org.eclipse.justj.openjdk.hotspot.jre.full.win32.x86_64_17.0.7.v20230425-1502/jre/bin/server;C:/Users/mateo/Downloads/sts-4.19.1.RELEASE//plugins/org.eclipse.justj.openjdk.hotspot.jre.full.win32.x86_64_17.0.7.v20230425-1502/jre/bin;"C:\Program Files\Common Files\Oracle\Java\javapath;JAVA_HOME%\bin";C:\WINDOWS\system32;C:\WINDOWS;C:\WINDOWS\System32\Wbem;C:\WINDOWS\System32\WindowsPowerShell\v1.0\;C:\WINDOWS\System32\OpenSSH\;C:\Program Files\mongosh;C:\Program Files\dotnet\;C:\Users\mateo\AppData\Local\Microsoft\WindowsApps;C:\Users\mateo\AppData\Local\Programs\Git\cmd;C:\Users\mateo\AppData\Local\Programs\Microsoft VS Code\bin;C:\Users\mateo\Downloads\sts-4.19.1.RELEASE;
USERNAME=mateo
OS=Windows_NT
PROCESSOR_IDENTIFIER=Intel64 Family 6 Model 122 Stepping 8, GenuineIntel
TMP=C:\Users\mateo\AppData\Local\Temp
TEMP=C:\Users\mateo\AppData\Local\Temp



---------------  S Y S T E M  ---------------

OS:
 Windows 11 , 64 bit Build 22621 (10.0.22621.2428)
OS uptime: 0 days 1:05 hours

CPU: total 4 (initial active 4) (4 cores per cpu, 1 threads per core) family 6 model 122 stepping 8 microcode 0x1a, cx8, cmov, fxsr, mmx, 3dnowpref, sse, sse2, sse3, ssse3, sse4.1, sse4.2, popcnt, tsc, tscinvbit, aes, erms, clmul, sha, clflush, clflushopt

Memory: 4k page, system-wide physical 3910M (283M free)
TotalPageFile size 12389M (AvailPageFile size 30M)
current process WorkingSet (physical memory assigned to process): 176M, peak: 176M
current process commit charge ("private bytes"): 212M, peak: 287M

vm_info: OpenJDK 64-Bit Server VM (17.0.7+7) for windows-amd64 JRE (17.0.7+7), built on Apr 18 2023 22:10:42 by "temurin" with MS VC++ 16.7 (VS2019)

END.
